<?xml version="1.0" encoding="UTF-8"?>
<!-- Generated by org.testng.reporters.JUnitXMLReporter -->
<testsuite ignored="0" hostname="LIN-5XT5VQ3" failures="1" tests="28" name="Test" time="22.149" errors="0" timestamp="2024-03-04T17:52:49 IST">
  <testcase classname="com.cg.priorityDemo.CRMpositiveNegative" name="@BeforeTest setup" time="5.641">
    <failure type="org.openqa.selenium.NoSuchWindowException" message="no such window: target window already closed
from unknown error: web view not found
  (Session info: chrome=122.0.6261.95)
Build info: version: &amp;apos;4.18.0&amp;apos;, revision: &amp;apos;b6bf9de7cc*&amp;apos;
System info: os.name: &amp;apos;Windows 11&amp;apos;, os.arch: &amp;apos;amd64&amp;apos;, os.version: &amp;apos;10.0&amp;apos;, java.version: &amp;apos;17.0.9&amp;apos;
Driver info: org.openqa.selenium.chrome.ChromeDriver
Command: [c448063227c534466c523c27990f835a, maximizeCurrentWindow {}]
Capabilities {acceptInsecureCerts: false, browserName: chrome, browserVersion: 122.0.6261.95, chrome: {chromedriverVersion: 122.0.6261.94 (880dbf29479c..., userDataDir: C:\Windows\SystemTemp\scope...}, fedcm:accounts: true, goog:chromeOptions: {debuggerAddress: localhost:54825}, networkConnectionEnabled: false, pageLoadStrategy: normal, platformName: windows, proxy: Proxy(), se:cdp: ws://localhost:54825/devtoo..., se:cdpVersion: 122.0.6261.95, setWindowRect: true, strictFileInteractability: false, timeouts: {implicit: 0, pageLoad: 300000, script: 30000}, unhandledPromptBehavior: dismiss and notify, webauthn:extension:credBlob: true, webauthn:extension:largeBlob: true, webauthn:extension:minPinLength: true, webauthn:extension:prf: true, webauthn:virtualAuthenticators: true}
Session ID: c448063227c534466c523c27990f835a">
      <![CDATA[org.openqa.selenium.NoSuchWindowException: no such window: target window already closed
from unknown error: web view not found
  (Session info: chrome=122.0.6261.95)
Build info: version: '4.18.0', revision: 'b6bf9de7cc*'
System info: os.name: 'Windows 11', os.arch: 'amd64', os.version: '10.0', java.version: '17.0.9'
Driver info: org.openqa.selenium.chrome.ChromeDriver
Command: [c448063227c534466c523c27990f835a, maximizeCurrentWindow {}]
Capabilities {acceptInsecureCerts: false, browserName: chrome, browserVersion: 122.0.6261.95, chrome: {chromedriverVersion: 122.0.6261.94 (880dbf29479c..., userDataDir: C:\Windows\SystemTemp\scope...}, fedcm:accounts: true, goog:chromeOptions: {debuggerAddress: localhost:54825}, networkConnectionEnabled: false, pageLoadStrategy: normal, platformName: windows, proxy: Proxy(), se:cdp: ws://localhost:54825/devtoo..., se:cdpVersion: 122.0.6261.95, setWindowRect: true, strictFileInteractability: false, timeouts: {implicit: 0, pageLoad: 300000, script: 30000}, unhandledPromptBehavior: dismiss and notify, webauthn:extension:credBlob: true, webauthn:extension:largeBlob: true, webauthn:extension:minPinLength: true, webauthn:extension:prf: true, webauthn:virtualAuthenticators: true}
Session ID: c448063227c534466c523c27990f835a
at org.openqa.selenium.remote.ErrorCodec.decode(ErrorCodec.java:167)
at org.openqa.selenium.remote.codec.w3c.W3CHttpResponseCodec.decode(W3CHttpResponseCodec.java:138)
at org.openqa.selenium.remote.codec.w3c.W3CHttpResponseCodec.decode(W3CHttpResponseCodec.java:50)
at org.openqa.selenium.remote.HttpCommandExecutor.execute(HttpCommandExecutor.java:190)
at org.openqa.selenium.remote.service.DriverCommandExecutor.invokeExecute(DriverCommandExecutor.java:216)
at org.openqa.selenium.remote.service.DriverCommandExecutor.execute(DriverCommandExecutor.java:174)
at org.openqa.selenium.remote.RemoteWebDriver.execute(RemoteWebDriver.java:519)
at org.openqa.selenium.remote.RemoteWebDriver.execute(RemoteWebDriver.java:592)
at org.openqa.selenium.remote.RemoteWebDriver.execute(RemoteWebDriver.java:596)
at org.openqa.selenium.remote.RemoteWebDriver$RemoteWebDriverOptions$RemoteWindow.maximize(RemoteWebDriver.java:1035)
at com.cg.priorityDemo.CRMpositiveNegative.setup(CRMpositiveNegative.java:20)
... Removed 29 stack frames]]>
    </failure>
  </testcase> <!-- @BeforeTest setup -->
  <testcase classname="com.cg.VVAutomationTest.TestNg.AnnotationsDemo" name="@BeforeClass beforeClass" time="0.0">
    <skipped/>
  </testcase> <!-- @BeforeClass beforeClass -->
  <testcase classname="com.cg.VVAutomationTest.TestNg.AnnotationsDemo" name="@BeforeMethod beforeMethod" time="0.0">
    <skipped/>
  </testcase> <!-- @BeforeMethod beforeMethod -->
  <testcase classname="com.cg.VVAutomationTest.TestNg.AnnotationsDemo" name="@AfterMethod afterMethod" time="0.0">
    <skipped/>
  </testcase> <!-- @AfterMethod afterMethod -->
  <testcase classname="com.cg.VVAutomationTest.TestNg.AnnotationsDemo" name="@BeforeMethod beforeMethod" time="0.0">
    <skipped/>
  </testcase> <!-- @BeforeMethod beforeMethod -->
  <testcase classname="com.cg.VVAutomationTest.TestNg.AnnotationsDemo" name="@AfterMethod afterMethod" time="0.0">
    <skipped/>
  </testcase> <!-- @AfterMethod afterMethod -->
  <testcase classname="com.cg.VVAutomationTest.TestNg.AnnotationsDemo" name="@AfterClass afterClass" time="0.0">
    <skipped/>
  </testcase> <!-- @AfterClass afterClass -->
  <testcase classname="com.cg.VVAutomationTest.TestNg.AnnotationsDemo" name="@AfterTest afterTest" time="0.0">
    <skipped/>
  </testcase> <!-- @AfterTest afterTest -->
  <testcase classname="com.cg.VVAutomationTest.TestNg.CRMLogin" name="@AfterTest tearDown" time="0.0">
    <skipped/>
  </testcase> <!-- @AfterTest tearDown -->
  <testcase classname="com.cg.VVAutomationTest.TestNg.Demo" name="@AfterTest tearDown" time="0.0">
    <skipped/>
  </testcase> <!-- @AfterTest tearDown -->
  <testcase classname="com.cg.priorityDemo.CRMpositiveNegative" name="@AfterTest LogOut" time="0.0">
    <skipped/>
  </testcase> <!-- @AfterTest LogOut -->
  <testcase classname="com.cg.VVAutomationTest.TestNg.CRMLogin" name="checkTitle" time="0.0">
    <skipped/>
  </testcase> <!-- checkTitle -->
  <testcase classname="DataProvider.DPDemo1" name="TestDp" time="0.0">
    <skipped/>
  </testcase> <!-- TestDp -->
  <testcase classname="DataProvider.DPDemo1" name="TestDp" time="0.0">
    <skipped/>
  </testcase> <!-- TestDp -->
  <testcase classname="com.cg.priorityDemo.CRMpositiveNegative" name="CRMLogin_positive" time="0.0">
    <skipped/>
  </testcase> <!-- CRMLogin_positive -->
  <testcase classname="com.cg.priorityDemo.CRMpositiveNegative" name="CRMLoginNegative" time="0.0">
    <skipped/>
  </testcase> <!-- CRMLoginNegative -->
  <testcase classname="com.cg.VVAutomationTest.TestNg.Demo" name="checkTitle" time="0.0">
    <skipped/>
  </testcase> <!-- checkTitle -->
  <testcase classname="DataProvider.BasicTestDataProvider" name="TestLogin" time="0.0">
    <skipped/>
  </testcase> <!-- TestLogin -->
  <testcase classname="DataProvider.BasicTestDataProvider" name="TestLogin" time="0.0">
    <skipped/>
  </testcase> <!-- TestLogin -->
  <testcase classname="com.cg.VVAutomationTest.TestNg.AnnotationsDemo" name="testMethod1" time="0.0">
    <skipped/>
  </testcase> <!-- testMethod1 -->
  <testcase classname="com.cg.VVAutomationTest.TestNg.AnnotationsDemo" name="testMethod2" time="0.0">
    <skipped/>
  </testcase> <!-- testMethod2 -->
  <testcase classname="DataProvider.DPDemo" name="TesdDp" time="0.0">
    <skipped/>
  </testcase> <!-- TesdDp -->
  <testcase classname="DataProvider.DPDemo" name="TesdDp" time="0.0">
    <skipped/>
  </testcase> <!-- TesdDp -->
  <testcase classname="DataProvider.DPDemo" name="TesdDp" time="0.0">
    <skipped/>
  </testcase> <!-- TesdDp -->
  <testcase classname="DataProvider.DPDemo" name="TesdDp" time="0.0">
    <skipped/>
  </testcase> <!-- TesdDp -->
  <testcase classname="DataProvider.Dependent" name="LogOut" time="0.0">
    <skipped/>
  </testcase> <!-- LogOut -->
  <testcase classname="DataProvider.Dependent" name="OpenBrwoser" time="0.0">
    <skipped/>
  </testcase> <!-- OpenBrwoser -->
  <testcase classname="DataProvider.Dependent" name="Sigin" time="0.0">
    <skipped/>
  </testcase> <!-- Sigin -->
  <testcase classname="Parameters.ParameterDemo" name="LoginCredentials" time="0.0">
    <failure type="org.testng.TestNGException" message="
Parameter &amp;apos;username&amp;apos; is required by @Test on method LoginCredentials but has not been marked @Optional or defined
in C:\java\TestNg\testng.xml">
      <![CDATA[org.testng.TestNGException: 
Parameter 'username' is required by @Test on method LoginCredentials but has not been marked @Optional or defined
in C:\java\TestNg\testng.xml
at java.base/java.util.ArrayList.forEach(ArrayList.java:1511)
... Removed 26 stack frames]]>
    </failure>
  </testcase> <!-- LoginCredentials -->
  <testcase classname="Parameters.ParameterDemo" name="clickAdmin" time="0.0">
    <skipped/>
  </testcase> <!-- clickAdmin -->
  <testcase classname="DataProvider.DataProviderDemo1" name="myTest" time="0.0">
    <skipped/>
  </testcase> <!-- myTest -->
  <testcase classname="DataProvider.DataProviderDemo1" name="myTest" time="0.0">
    <skipped/>
  </testcase> <!-- myTest -->
  <testcase classname="DataProvider.DataProviderDemo1" name="myTest" time="0.0">
    <skipped/>
  </testcase> <!-- myTest -->
  <testcase classname="com.cg.priorityDemo.FilghBookingDemo" name="signup" time="0.0">
    <skipped/>
  </testcase> <!-- signup -->
  <testcase classname="com.cg.priorityDemo.FilghBookingDemo" name="LogIn" time="0.0">
    <skipped/>
  </testcase> <!-- LogIn -->
  <testcase classname="com.cg.priorityDemo.FilghBookingDemo" name="SearchForTheFlight" time="0.001">
    <skipped/>
  </testcase> <!-- SearchForTheFlight -->
  <testcase classname="com.cg.priorityDemo.FilghBookingDemo" name="BookTheFlight" time="0.0">
    <skipped/>
  </testcase> <!-- BookTheFlight -->
  <testcase classname="com.cg.priorityDemo.FilghBookingDemo" name="SaveTheTicket" time="0.0">
    <skipped/>
  </testcase> <!-- SaveTheTicket -->
  <testcase classname="com.cg.priorityDemo.FilghBookingDemo" name="LogOut" time="0.0">
    <skipped/>
  </testcase> <!-- LogOut -->
</testsuite> <!-- Test -->
